<?xml version="1.0" encoding="UTF-8"?>
<testsuite xmlns:xsi="http://www.w3.org/2001/XMLSchema-instance" xsi:noNamespaceSchemaLocation="https://maven.apache.org/surefire/maven-surefire-plugin/xsd/surefire-test-report.xsd" name="tutorial.tdd.tutorialTdd.CalculatorTddTest" time="0.025" tests="7" errors="0" skipped="3" failures="0">
  <properties>
    <property name="awt.toolkit" value="sun.awt.X11.XToolkit"/>
    <property name="file.encoding.pkg" value="sun.io"/>
    <property name="java.specification.version" value="1.8"/>
    <property name="sun.cpu.isalist" value=""/>
    <property name="sun.jnu.encoding" value="UTF-8"/>
    <property name="java.class.path" value="/home/java-testing/java-tutorial-tdd/tutorialTdd/target/test-classes:/home/java-testing/java-tutorial-tdd/tutorialTdd/target/classes:/home/java-testing/.m2/repository/org/junit/platform/junit-platform-launcher/1.4.2/junit-platform-launcher-1.4.2.jar:/home/java-testing/.m2/repository/org/apiguardian/apiguardian-api/1.0.0/apiguardian-api-1.0.0.jar:/home/java-testing/.m2/repository/org/junit/platform/junit-platform-engine/1.4.2/junit-platform-engine-1.4.2.jar:/home/java-testing/.m2/repository/org/opentest4j/opentest4j/1.1.1/opentest4j-1.1.1.jar:/home/java-testing/.m2/repository/org/junit/platform/junit-platform-commons/1.4.2/junit-platform-commons-1.4.2.jar:/home/java-testing/.m2/repository/org/junit/jupiter/junit-jupiter-engine/5.4.2/junit-jupiter-engine-5.4.2.jar:/home/java-testing/.m2/repository/org/junit/jupiter/junit-jupiter-api/5.4.2/junit-jupiter-api-5.4.2.jar:/home/java-testing/.m2/repository/org/hamcrest/hamcrest-library/2.2/hamcrest-library-2.2.jar:/home/java-testing/.m2/repository/org/hamcrest/hamcrest-core/2.2/hamcrest-core-2.2.jar:/home/java-testing/.m2/repository/org/hamcrest/hamcrest/2.2/hamcrest-2.2.jar:/home/java-testing/.m2/repository/net/sourceforge/htmlunit/htmlunit/2.35.0/htmlunit-2.35.0.jar:/home/java-testing/.m2/repository/xalan/xalan/2.7.2/xalan-2.7.2.jar:/home/java-testing/.m2/repository/xalan/serializer/2.7.2/serializer-2.7.2.jar:/home/java-testing/.m2/repository/org/apache/commons/commons-lang3/3.9/commons-lang3-3.9.jar:/home/java-testing/.m2/repository/org/apache/commons/commons-text/1.6/commons-text-1.6.jar:/home/java-testing/.m2/repository/org/apache/httpcomponents/httpmime/4.5.8/httpmime-4.5.8.jar:/home/java-testing/.m2/repository/org/apache/httpcomponents/httpclient/4.5.8/httpclient-4.5.8.jar:/home/java-testing/.m2/repository/org/apache/httpcomponents/httpcore/4.4.11/httpcore-4.4.11.jar:/home/java-testing/.m2/repository/commons-codec/commons-codec/1.11/commons-codec-1.11.jar:/home/java-testing/.m2/repository/net/sourceforge/htmlunit/htmlunit-core-js/2.35.0/htmlunit-core-js-2.35.0.jar:/home/java-testing/.m2/repository/net/sourceforge/htmlunit/neko-htmlunit/2.35.0/neko-htmlunit-2.35.0.jar:/home/java-testing/.m2/repository/xerces/xercesImpl/2.12.0/xercesImpl-2.12.0.jar:/home/java-testing/.m2/repository/xml-apis/xml-apis/1.4.01/xml-apis-1.4.01.jar:/home/java-testing/.m2/repository/net/sourceforge/htmlunit/htmlunit-cssparser/1.4.0/htmlunit-cssparser-1.4.0.jar:/home/java-testing/.m2/repository/commons-io/commons-io/2.6/commons-io-2.6.jar:/home/java-testing/.m2/repository/commons-logging/commons-logging/1.2/commons-logging-1.2.jar:/home/java-testing/.m2/repository/commons-net/commons-net/3.6/commons-net-3.6.jar:/home/java-testing/.m2/repository/org/eclipse/jetty/websocket/websocket-client/9.4.16.v20190411/websocket-client-9.4.16.v20190411.jar:/home/java-testing/.m2/repository/org/eclipse/jetty/jetty-client/9.4.16.v20190411/jetty-client-9.4.16.v20190411.jar:/home/java-testing/.m2/repository/org/eclipse/jetty/jetty-http/9.4.16.v20190411/jetty-http-9.4.16.v20190411.jar:/home/java-testing/.m2/repository/org/eclipse/jetty/jetty-xml/9.4.16.v20190411/jetty-xml-9.4.16.v20190411.jar:/home/java-testing/.m2/repository/org/eclipse/jetty/jetty-util/9.4.16.v20190411/jetty-util-9.4.16.v20190411.jar:/home/java-testing/.m2/repository/org/eclipse/jetty/jetty-io/9.4.16.v20190411/jetty-io-9.4.16.v20190411.jar:/home/java-testing/.m2/repository/org/eclipse/jetty/websocket/websocket-common/9.4.16.v20190411/websocket-common-9.4.16.v20190411.jar:/home/java-testing/.m2/repository/org/eclipse/jetty/websocket/websocket-api/9.4.16.v20190411/websocket-api-9.4.16.v20190411.jar:/home/java-testing/.m2/repository/org/mockito/mockito-junit-jupiter/2.27.0/mockito-junit-jupiter-2.27.0.jar:/home/java-testing/.m2/repository/org/mockito/mockito-core/2.27.0/mockito-core-2.27.0.jar:/home/java-testing/.m2/repository/net/bytebuddy/byte-buddy/1.9.10/byte-buddy-1.9.10.jar:/home/java-testing/.m2/repository/net/bytebuddy/byte-buddy-agent/1.9.10/byte-buddy-agent-1.9.10.jar:/home/java-testing/.m2/repository/org/objenesis/objenesis/2.6/objenesis-2.6.jar:/home/java-testing/.m2/repository/commons-collections/commons-collections/20040616/commons-collections-20040616.jar:/home/java-testing/.m2/repository/org/dbunit/dbunit/2.4.8/dbunit-2.4.8.jar:/home/java-testing/.m2/repository/junit/junit/3.8.2/junit-3.8.2.jar:/home/java-testing/.m2/repository/mysql/mysql-connector-java/5.1.6/mysql-connector-java-5.1.6.jar:/home/java-testing/.m2/repository/org/slf4j/slf4j-api/1.6.2/slf4j-api-1.6.2.jar:"/>
    <property name="java.vm.vendor" value="Oracle Corporation"/>
    <property name="sun.arch.data.model" value="64"/>
    <property name="java.vendor.url" value="http://java.oracle.com/"/>
    <property name="user.timezone" value=""/>
    <property name="java.vm.specification.version" value="1.8"/>
    <property name="os.name" value="Linux"/>
    <property name="user.country" value="US"/>
    <property name="sun.java.launcher" value="SUN_STANDARD"/>
    <property name="sun.boot.library.path" value="/usr/java/jdk1.8.0_191-amd64/jre/lib/amd64"/>
    <property name="sun.java.command" value="/home/java-testing/java-tutorial-tdd/tutorialTdd/target/surefire/surefirebooter4696209351457920444.jar /home/java-testing/java-tutorial-tdd/tutorialTdd/target/surefire 2021-05-24T07-55-52_239-jvmRun1 surefire4110179044048896021tmp surefire_02859752283122089817tmp"/>
    <property name="surefire.test.class.path" value="/home/java-testing/java-tutorial-tdd/tutorialTdd/target/test-classes:/home/java-testing/java-tutorial-tdd/tutorialTdd/target/classes:/home/java-testing/.m2/repository/org/junit/platform/junit-platform-launcher/1.4.2/junit-platform-launcher-1.4.2.jar:/home/java-testing/.m2/repository/org/apiguardian/apiguardian-api/1.0.0/apiguardian-api-1.0.0.jar:/home/java-testing/.m2/repository/org/junit/platform/junit-platform-engine/1.4.2/junit-platform-engine-1.4.2.jar:/home/java-testing/.m2/repository/org/opentest4j/opentest4j/1.1.1/opentest4j-1.1.1.jar:/home/java-testing/.m2/repository/org/junit/platform/junit-platform-commons/1.4.2/junit-platform-commons-1.4.2.jar:/home/java-testing/.m2/repository/org/junit/jupiter/junit-jupiter-engine/5.4.2/junit-jupiter-engine-5.4.2.jar:/home/java-testing/.m2/repository/org/junit/jupiter/junit-jupiter-api/5.4.2/junit-jupiter-api-5.4.2.jar:/home/java-testing/.m2/repository/org/hamcrest/hamcrest-library/2.2/hamcrest-library-2.2.jar:/home/java-testing/.m2/repository/org/hamcrest/hamcrest-core/2.2/hamcrest-core-2.2.jar:/home/java-testing/.m2/repository/org/hamcrest/hamcrest/2.2/hamcrest-2.2.jar:/home/java-testing/.m2/repository/net/sourceforge/htmlunit/htmlunit/2.35.0/htmlunit-2.35.0.jar:/home/java-testing/.m2/repository/xalan/xalan/2.7.2/xalan-2.7.2.jar:/home/java-testing/.m2/repository/xalan/serializer/2.7.2/serializer-2.7.2.jar:/home/java-testing/.m2/repository/org/apache/commons/commons-lang3/3.9/commons-lang3-3.9.jar:/home/java-testing/.m2/repository/org/apache/commons/commons-text/1.6/commons-text-1.6.jar:/home/java-testing/.m2/repository/org/apache/httpcomponents/httpmime/4.5.8/httpmime-4.5.8.jar:/home/java-testing/.m2/repository/org/apache/httpcomponents/httpclient/4.5.8/httpclient-4.5.8.jar:/home/java-testing/.m2/repository/org/apache/httpcomponents/httpcore/4.4.11/httpcore-4.4.11.jar:/home/java-testing/.m2/repository/commons-codec/commons-codec/1.11/commons-codec-1.11.jar:/home/java-testing/.m2/repository/net/sourceforge/htmlunit/htmlunit-core-js/2.35.0/htmlunit-core-js-2.35.0.jar:/home/java-testing/.m2/repository/net/sourceforge/htmlunit/neko-htmlunit/2.35.0/neko-htmlunit-2.35.0.jar:/home/java-testing/.m2/repository/xerces/xercesImpl/2.12.0/xercesImpl-2.12.0.jar:/home/java-testing/.m2/repository/xml-apis/xml-apis/1.4.01/xml-apis-1.4.01.jar:/home/java-testing/.m2/repository/net/sourceforge/htmlunit/htmlunit-cssparser/1.4.0/htmlunit-cssparser-1.4.0.jar:/home/java-testing/.m2/repository/commons-io/commons-io/2.6/commons-io-2.6.jar:/home/java-testing/.m2/repository/commons-logging/commons-logging/1.2/commons-logging-1.2.jar:/home/java-testing/.m2/repository/commons-net/commons-net/3.6/commons-net-3.6.jar:/home/java-testing/.m2/repository/org/eclipse/jetty/websocket/websocket-client/9.4.16.v20190411/websocket-client-9.4.16.v20190411.jar:/home/java-testing/.m2/repository/org/eclipse/jetty/jetty-client/9.4.16.v20190411/jetty-client-9.4.16.v20190411.jar:/home/java-testing/.m2/repository/org/eclipse/jetty/jetty-http/9.4.16.v20190411/jetty-http-9.4.16.v20190411.jar:/home/java-testing/.m2/repository/org/eclipse/jetty/jetty-xml/9.4.16.v20190411/jetty-xml-9.4.16.v20190411.jar:/home/java-testing/.m2/repository/org/eclipse/jetty/jetty-util/9.4.16.v20190411/jetty-util-9.4.16.v20190411.jar:/home/java-testing/.m2/repository/org/eclipse/jetty/jetty-io/9.4.16.v20190411/jetty-io-9.4.16.v20190411.jar:/home/java-testing/.m2/repository/org/eclipse/jetty/websocket/websocket-common/9.4.16.v20190411/websocket-common-9.4.16.v20190411.jar:/home/java-testing/.m2/repository/org/eclipse/jetty/websocket/websocket-api/9.4.16.v20190411/websocket-api-9.4.16.v20190411.jar:/home/java-testing/.m2/repository/org/mockito/mockito-junit-jupiter/2.27.0/mockito-junit-jupiter-2.27.0.jar:/home/java-testing/.m2/repository/org/mockito/mockito-core/2.27.0/mockito-core-2.27.0.jar:/home/java-testing/.m2/repository/net/bytebuddy/byte-buddy/1.9.10/byte-buddy-1.9.10.jar:/home/java-testing/.m2/repository/net/bytebuddy/byte-buddy-agent/1.9.10/byte-buddy-agent-1.9.10.jar:/home/java-testing/.m2/repository/org/objenesis/objenesis/2.6/objenesis-2.6.jar:/home/java-testing/.m2/repository/commons-collections/commons-collections/20040616/commons-collections-20040616.jar:/home/java-testing/.m2/repository/org/dbunit/dbunit/2.4.8/dbunit-2.4.8.jar:/home/java-testing/.m2/repository/junit/junit/3.8.2/junit-3.8.2.jar:/home/java-testing/.m2/repository/mysql/mysql-connector-java/5.1.6/mysql-connector-java-5.1.6.jar:/home/java-testing/.m2/repository/org/slf4j/slf4j-api/1.6.2/slf4j-api-1.6.2.jar:"/>
    <property name="sun.cpu.endian" value="little"/>
    <property name="user.home" value="/home/java-testing"/>
    <property name="user.language" value="en"/>
    <property name="java.specification.vendor" value="Oracle Corporation"/>
    <property name="java.home" value="/usr/java/jdk1.8.0_191-amd64/jre"/>
    <property name="basedir" value="/home/java-testing/java-tutorial-tdd/tutorialTdd"/>
    <property name="file.separator" value="/"/>
    <property name="line.separator" value="&#10;"/>
    <property name="java.vm.specification.vendor" value="Oracle Corporation"/>
    <property name="java.specification.name" value="Java Platform API Specification"/>
    <property name="java.awt.graphicsenv" value="sun.awt.X11GraphicsEnvironment"/>
    <property name="surefire.real.class.path" value="/home/java-testing/java-tutorial-tdd/tutorialTdd/target/surefire/surefirebooter4696209351457920444.jar"/>
    <property name="sun.boot.class.path" value="/usr/java/jdk1.8.0_191-amd64/jre/lib/resources.jar:/usr/java/jdk1.8.0_191-amd64/jre/lib/rt.jar:/usr/java/jdk1.8.0_191-amd64/jre/lib/sunrsasign.jar:/usr/java/jdk1.8.0_191-amd64/jre/lib/jsse.jar:/usr/java/jdk1.8.0_191-amd64/jre/lib/jce.jar:/usr/java/jdk1.8.0_191-amd64/jre/lib/charsets.jar:/usr/java/jdk1.8.0_191-amd64/jre/lib/jfr.jar:/usr/java/jdk1.8.0_191-amd64/jre/classes"/>
    <property name="sun.management.compiler" value="HotSpot 64-Bit Tiered Compilers"/>
    <property name="java.runtime.version" value="1.8.0_191-b12"/>
    <property name="user.name" value="java-testing"/>
    <property name="path.separator" value=":"/>
    <property name="os.version" value="3.10.0-1127.13.1.el7.x86_64"/>
    <property name="java.endorsed.dirs" value="/usr/java/jdk1.8.0_191-amd64/jre/lib/endorsed"/>
    <property name="java.runtime.name" value="Java(TM) SE Runtime Environment"/>
    <property name="file.encoding" value="UTF-8"/>
    <property name="java.vm.name" value="Java HotSpot(TM) 64-Bit Server VM"/>
    <property name="localRepository" value="/home/java-testing/.m2/repository"/>
    <property name="java.vendor.url.bug" value="http://bugreport.sun.com/bugreport/"/>
    <property name="java.io.tmpdir" value="/tmp"/>
    <property name="java.version" value="1.8.0_191"/>
    <property name="user.dir" value="/home/java-testing/java-tutorial-tdd/tutorialTdd"/>
    <property name="os.arch" value="amd64"/>
    <property name="java.vm.specification.name" value="Java Virtual Machine Specification"/>
    <property name="java.awt.printerjob" value="sun.print.PSPrinterJob"/>
    <property name="sun.os.patch.level" value="unknown"/>
    <property name="java.library.path" value="/usr/java/packages/lib/amd64:/usr/lib64:/lib64:/lib:/usr/lib"/>
    <property name="java.vm.info" value="mixed mode"/>
    <property name="java.vendor" value="Oracle Corporation"/>
    <property name="java.vm.version" value="25.191-b12"/>
    <property name="java.ext.dirs" value="/usr/java/jdk1.8.0_191-amd64/jre/lib/ext:/usr/java/packages/lib/ext"/>
    <property name="sun.io.unicode.encoding" value="UnicodeLittle"/>
    <property name="java.class.version" value="52.0"/>
  </properties>
  <testcase name="searchBookNotFound" classname="tutorial.tdd.tutorialTdd.bs.BookBSTest" time="0">
    <skipped message="void tutorial.tdd.tutorialTdd.bs.BookBSTest.searchBookNotFound() throws java.lang.Exception is @Disabled"/>
    <system-out><![CDATA[beforeAllThis
beforeEachDoThis
]]></system-out>
  </testcase>
  <testcase name="testSumWithPositiveIntegerNumbersWithAssumption" classname="tutorial.tdd.tutorialTdd.CalculatorTddTest" time="0.001"/>
  <testcase name="testSumWithPositiveIntegerNumbers" classname="tutorial.tdd.tutorialTdd.CalculatorTddTest" time="0">
    <skipped message="Disabled on operating system: Linux"/>
  </testcase>
  <testcase name="testDivideByZero" classname="tutorial.tdd.tutorialTdd.CalculatorTddTest" time="0.007"/>
  <testcase name="testDivideWithPositiveIntegerNumbers" classname="tutorial.tdd.tutorialTdd.CalculatorTddTest" time="0">
    <skipped message="Disabled on operating system: Linux"/>
  </testcase>
  <testcase name="testSumWithAssertTimeout" classname="tutorial.tdd.tutorialTdd.CalculatorTddTest" time="0.001"/>
  <testcase name="testSumWithAssertTimeoutPreemptively" classname="tutorial.tdd.tutorialTdd.CalculatorTddTest" time="0.001"/>
</testsuite>