<?xml version="1.0" encoding="UTF-8"?>
<testsuite xmlns:xsi="http://www.w3.org/2001/XMLSchema-instance" xsi:noNamespaceSchemaLocation="https://maven.apache.org/surefire/maven-surefire-plugin/xsd/surefire-test-report.xsd" name="tutorial.tdd.tutorialTdd.CalculatorTddTest" time="10.034" tests="5" errors="0" skipped="2" failures="1">
  <properties>
    <property name="awt.toolkit" value="sun.awt.X11.XToolkit"/>
    <property name="file.encoding.pkg" value="sun.io"/>
    <property name="java.specification.version" value="1.8"/>
    <property name="sun.cpu.isalist" value=""/>
    <property name="sun.jnu.encoding" value="UTF-8"/>
    <property name="java.class.path" value="/home/java-testing/java-tutorial-tdd/tutorialTdd/target/test-classes:/home/java-testing/java-tutorial-tdd/tutorialTdd/target/classes:/home/java-testing/.m2/repository/org/junit/platform/junit-platform-launcher/1.4.2/junit-platform-launcher-1.4.2.jar:/home/java-testing/.m2/repository/org/apiguardian/apiguardian-api/1.0.0/apiguardian-api-1.0.0.jar:/home/java-testing/.m2/repository/org/junit/platform/junit-platform-engine/1.4.2/junit-platform-engine-1.4.2.jar:/home/java-testing/.m2/repository/org/opentest4j/opentest4j/1.1.1/opentest4j-1.1.1.jar:/home/java-testing/.m2/repository/org/junit/platform/junit-platform-commons/1.4.2/junit-platform-commons-1.4.2.jar:/home/java-testing/.m2/repository/org/junit/jupiter/junit-jupiter-engine/5.4.2/junit-jupiter-engine-5.4.2.jar:/home/java-testing/.m2/repository/org/junit/jupiter/junit-jupiter-api/5.4.2/junit-jupiter-api-5.4.2.jar:"/>
    <property name="java.vm.vendor" value="Oracle Corporation"/>
    <property name="sun.arch.data.model" value="64"/>
    <property name="java.vendor.url" value="http://java.oracle.com/"/>
    <property name="user.timezone" value=""/>
    <property name="java.vm.specification.version" value="1.8"/>
    <property name="os.name" value="Linux"/>
    <property name="user.country" value="US"/>
    <property name="sun.java.launcher" value="SUN_STANDARD"/>
    <property name="sun.boot.library.path" value="/usr/java/jdk1.8.0_191-amd64/jre/lib/amd64"/>
    <property name="sun.java.command" value="/home/java-testing/java-tutorial-tdd/tutorialTdd/target/surefire/surefirebooter3725913453578614776.jar /home/java-testing/java-tutorial-tdd/tutorialTdd/target/surefire 2021-05-19T08-43-31_028-jvmRun1 surefire7627617925944317822tmp surefire_04625789647663599430tmp"/>
    <property name="surefire.test.class.path" value="/home/java-testing/java-tutorial-tdd/tutorialTdd/target/test-classes:/home/java-testing/java-tutorial-tdd/tutorialTdd/target/classes:/home/java-testing/.m2/repository/org/junit/platform/junit-platform-launcher/1.4.2/junit-platform-launcher-1.4.2.jar:/home/java-testing/.m2/repository/org/apiguardian/apiguardian-api/1.0.0/apiguardian-api-1.0.0.jar:/home/java-testing/.m2/repository/org/junit/platform/junit-platform-engine/1.4.2/junit-platform-engine-1.4.2.jar:/home/java-testing/.m2/repository/org/opentest4j/opentest4j/1.1.1/opentest4j-1.1.1.jar:/home/java-testing/.m2/repository/org/junit/platform/junit-platform-commons/1.4.2/junit-platform-commons-1.4.2.jar:/home/java-testing/.m2/repository/org/junit/jupiter/junit-jupiter-engine/5.4.2/junit-jupiter-engine-5.4.2.jar:/home/java-testing/.m2/repository/org/junit/jupiter/junit-jupiter-api/5.4.2/junit-jupiter-api-5.4.2.jar:"/>
    <property name="sun.cpu.endian" value="little"/>
    <property name="user.home" value="/home/java-testing"/>
    <property name="user.language" value="en"/>
    <property name="java.specification.vendor" value="Oracle Corporation"/>
    <property name="java.home" value="/usr/java/jdk1.8.0_191-amd64/jre"/>
    <property name="basedir" value="/home/java-testing/java-tutorial-tdd/tutorialTdd"/>
    <property name="file.separator" value="/"/>
    <property name="line.separator" value="&#10;"/>
    <property name="java.vm.specification.vendor" value="Oracle Corporation"/>
    <property name="java.specification.name" value="Java Platform API Specification"/>
    <property name="java.awt.graphicsenv" value="sun.awt.X11GraphicsEnvironment"/>
    <property name="surefire.real.class.path" value="/home/java-testing/java-tutorial-tdd/tutorialTdd/target/surefire/surefirebooter3725913453578614776.jar"/>
    <property name="sun.boot.class.path" value="/usr/java/jdk1.8.0_191-amd64/jre/lib/resources.jar:/usr/java/jdk1.8.0_191-amd64/jre/lib/rt.jar:/usr/java/jdk1.8.0_191-amd64/jre/lib/sunrsasign.jar:/usr/java/jdk1.8.0_191-amd64/jre/lib/jsse.jar:/usr/java/jdk1.8.0_191-amd64/jre/lib/jce.jar:/usr/java/jdk1.8.0_191-amd64/jre/lib/charsets.jar:/usr/java/jdk1.8.0_191-amd64/jre/lib/jfr.jar:/usr/java/jdk1.8.0_191-amd64/jre/classes"/>
    <property name="sun.management.compiler" value="HotSpot 64-Bit Tiered Compilers"/>
    <property name="java.runtime.version" value="1.8.0_191-b12"/>
    <property name="user.name" value="java-testing"/>
    <property name="path.separator" value=":"/>
    <property name="os.version" value="3.10.0-1127.13.1.el7.x86_64"/>
    <property name="java.endorsed.dirs" value="/usr/java/jdk1.8.0_191-amd64/jre/lib/endorsed"/>
    <property name="java.runtime.name" value="Java(TM) SE Runtime Environment"/>
    <property name="file.encoding" value="UTF-8"/>
    <property name="java.vm.name" value="Java HotSpot(TM) 64-Bit Server VM"/>
    <property name="localRepository" value="/home/java-testing/.m2/repository"/>
    <property name="java.vendor.url.bug" value="http://bugreport.sun.com/bugreport/"/>
    <property name="java.io.tmpdir" value="/tmp"/>
    <property name="java.version" value="1.8.0_191"/>
    <property name="user.dir" value="/home/java-testing/java-tutorial-tdd/tutorialTdd"/>
    <property name="os.arch" value="amd64"/>
    <property name="java.vm.specification.name" value="Java Virtual Machine Specification"/>
    <property name="java.awt.printerjob" value="sun.print.PSPrinterJob"/>
    <property name="sun.os.patch.level" value="unknown"/>
    <property name="java.library.path" value="/usr/java/packages/lib/amd64:/usr/lib64:/lib64:/lib:/usr/lib"/>
    <property name="java.vm.info" value="mixed mode"/>
    <property name="java.vendor" value="Oracle Corporation"/>
    <property name="java.vm.version" value="25.191-b12"/>
    <property name="java.ext.dirs" value="/usr/java/jdk1.8.0_191-amd64/jre/lib/ext:/usr/java/packages/lib/ext"/>
    <property name="sun.io.unicode.encoding" value="UnicodeLittle"/>
    <property name="java.class.version" value="52.0"/>
  </properties>
  <testcase name="testSumWithPositiveIntegerNumbers" classname="tutorial.tdd.tutorialTdd.CalculatorTddTest" time="0">
    <skipped message="Disabled on operating system: Linux"/>
    <system-out><![CDATA[beforeAllThis
]]></system-out>
  </testcase>
  <testcase name="testDivideWithPositiveIntegerNumbers" classname="tutorial.tdd.tutorialTdd.CalculatorTddTest" time="0">
    <skipped message="Disabled on operating system: Linux"/>
    <system-out><![CDATA[beforeEachDoThis
beforeEachDoThis
]]></system-out>
  </testcase>
  <testcase name="testDivideByZero" classname="tutorial.tdd.tutorialTdd.CalculatorTddTest" time="0.007"/>
  <testcase name="testSumWithAssertTimeoutPreemptively" classname="tutorial.tdd.tutorialTdd.CalculatorTddTest" time="4.009"/>
  <testcase name="testSumWithAssertTimeout" classname="tutorial.tdd.tutorialTdd.CalculatorTddTest" time="9.974">
    <failure message="execution exceeded timeout of 5000 ms by 5002 ms" type="org.opentest4j.AssertionFailedError">org.opentest4j.AssertionFailedError: execution exceeded timeout of 5000 ms by 5002 ms
	at tutorial.tdd.tutorialTdd.CalculatorTddTest.testSumWithAssertTimeout(CalculatorTddTest.java:104)
</failure>
    <system-out><![CDATA[afterEachDoThis
]]></system-out>
  </testcase>
</testsuite>